{"level":"info","message":"Server iniciado em Mon Feb 20 2023 15:00:24 GMT-0300 (Horário Padrão de Brasília)"}
{"level":"info","message":"Server iniciado em Mon Feb 20 2023 19:39:31 GMT-0300 (Horário Padrão de Brasília)"}
{"level":"info","message":"Server iniciado em Mon Feb 20 2023 20:23:45 GMT-0300 (Horário Padrão de Brasília)"}
{"level":"info","message":"Server iniciado em Mon Feb 20 2023 20:24:33 GMT-0300 (Horário Padrão de Brasília)"}
{"level":"info","message":"Server iniciado em Mon Feb 20 2023 20:25:28 GMT-0300 (Horário Padrão de Brasília)"}
{"level":"info","message":"Server iniciado em Mon Feb 20 2023 20:25:47 GMT-0300 (Horário Padrão de Brasília)"}
{"level":"info","message":"Server iniciado em Mon Feb 20 2023 20:25:52 GMT-0300 (Horário Padrão de Brasília)"}
{"level":"info","message":"Server iniciado em Mon Feb 20 2023 20:25:56 GMT-0300 (Horário Padrão de Brasília)"}
{"level":"info","message":"Server iniciado em Mon Feb 20 2023 20:26:05 GMT-0300 (Horário Padrão de Brasília)"}
{"level":"info","message":"Server iniciado em Mon Feb 20 2023 20:26:06 GMT-0300 (Horário Padrão de Brasília)"}
{"level":"info","message":"Server iniciado em Mon Feb 20 2023 20:26:32 GMT-0300 (Horário Padrão de Brasília)"}
{"level":"info","message":"Server iniciado em Mon Feb 20 2023 20:26:36 GMT-0300 (Horário Padrão de Brasília)"}
{"level":"info","message":"Server iniciado em Mon Feb 20 2023 20:26:38 GMT-0300 (Horário Padrão de Brasília)"}
{"level":"info","message":"Server iniciado em Mon Feb 20 2023 20:26:38 GMT-0300 (Horário Padrão de Brasília)"}
{"level":"info","message":"Server iniciado em Mon Feb 20 2023 20:27:56 GMT-0300 (Horário Padrão de Brasília)"}
{"level":"info","message":"Server iniciado em Mon Feb 20 2023 20:28:00 GMT-0300 (Horário Padrão de Brasília)"}
{"level":"info","message":"Server iniciado em Mon Feb 20 2023 20:28:01 GMT-0300 (Horário Padrão de Brasília)"}
{"level":"info","message":"Server iniciado em Mon Feb 20 2023 20:29:48 GMT-0300 (Horário Padrão de Brasília)"}
{"level":"info","message":"Server iniciado em Mon Feb 20 2023 22:47:42 GMT-0300 (Horário Padrão de Brasília)"}
{"level":"info","message":"Server iniciado em Tue Feb 21 2023 07:06:22 GMT-0300 (Horário Padrão de Brasília)"}
{"level":"info","message":"Server iniciado em Tue Feb 21 2023 07:09:38 GMT-0300 (Horário Padrão de Brasília)"}
{"level":"info","message":"Server iniciado em Tue Feb 21 2023 07:12:12 GMT-0300 (Horário Padrão de Brasília)"}
{"level":"info","message":"Server iniciado em Tue Feb 21 2023 07:13:44 GMT-0300 (Horário Padrão de Brasília)"}
{"level":"info","message":"Server iniciado em Tue Feb 21 2023 07:14:01 GMT-0300 (Horário Padrão de Brasília)"}
{"level":"info","message":"Server iniciado em Tue Feb 21 2023 09:58:02 GMT-0300 (Horário Padrão de Brasília)"}
{"level":"info","message":"Server iniciado em Tue Feb 21 2023 09:58:03 GMT-0300 (Horário Padrão de Brasília)"}
{"level":"info","message":"Server iniciado em Fri Feb 24 2023 16:54:51 GMT-0300 (Horário Padrão de Brasília)"}
{"job":{"attemptsMade":1,"data":{"email":"hildo.pro.developer@gmail.com","name":"Hildo Pro"},"delay":0,"failedReason":"Cannot read properties of undefined (reading 'email')","finishedOn":1677268605013,"id":"1","name":"__default__","opts":{"attempts":1,"delay":5000,"timestamp":1677268600001},"processedOn":1677268605002,"progress":0,"returnvalue":null,"stacktrace":["TypeError: Cannot read properties of undefined (reading 'email')\n    at Queue.handle (/home/hildoneto/Documentos/programacao/Projects/financias/src/jobs/SendEmail.ts:11:13)\n    at handlers.<computed> (/home/hildoneto/Documentos/programacao/Projects/financias/node_modules/bull/lib/queue.js:701:42)\n    at Queue.processJob (/home/hildoneto/Documentos/programacao/Projects/financias/node_modules/bull/lib/queue.js:1166:22)\n    at processTicksAndRejections (node:internal/process/task_queues:95:5)"],"timestamp":1677268600001},"level":"error","message":"Cannot read properties of undefined (reading 'email')"}
{"level":"info","message":"Server iniciado em Fri Feb 24 2023 16:58:28 GMT-0300 (Horário Padrão de Brasília)"}
{"level":"info","message":"Server iniciado em Fri Feb 24 2023 16:59:45 GMT-0300 (Horário Padrão de Brasília)"}
{"level":"info","message":"Server iniciado em Fri Feb 24 2023 17:00:23 GMT-0300 (Horário Padrão de Brasília)"}
{"level":"info","message":"Server iniciado em Fri Feb 24 2023 17:00:24 GMT-0300 (Horário Padrão de Brasília)"}
{"level":"info","message":"Server iniciado em Fri Feb 24 2023 17:00:30 GMT-0300 (Horário Padrão de Brasília)"}
{"level":"info","message":"Server iniciado em Fri Feb 24 2023 17:01:01 GMT-0300 (Horário Padrão de Brasília)"}
{"level":"info","message":"Server iniciado em Fri Feb 24 2023 17:03:38 GMT-0300 (Horário Padrão de Brasília)"}
{"level":"info","message":"Server iniciado em Fri Feb 24 2023 17:04:33 GMT-0300 (Horário Padrão de Brasília)"}
{"level":"info","message":"Server iniciado em Fri Feb 24 2023 17:04:45 GMT-0300 (Horário Padrão de Brasília)"}
{"level":"info","message":"Server iniciado em Fri Feb 24 2023 17:04:49 GMT-0300 (Horário Padrão de Brasília)"}
{"level":"info","message":"Server iniciado em Mon Feb 27 2023 07:46:42 GMT-0300 (Horário Padrão de Brasília)"}
{"level":"info","message":"Server iniciado em Mon Feb 27 2023 07:46:48 GMT-0300 (Horário Padrão de Brasília)"}
{"level":"info","message":"Server iniciado em Mon Feb 27 2023 07:48:00 GMT-0300 (Horário Padrão de Brasília)"}
{"level":"info","message":"Server iniciado em Mon Feb 27 2023 07:48:48 GMT-0300 (Horário Padrão de Brasília)"}
{"level":"info","message":"Server iniciado em Mon Feb 27 2023 07:48:57 GMT-0300 (Horário Padrão de Brasília)"}
{"level":"info","message":"Server iniciado em Mon Feb 27 2023 13:06:12 GMT-0300 (Horário Padrão de Brasília)"}
{"level":"info","message":"Server iniciado em Mon Feb 27 2023 13:06:41 GMT-0300 (Horário Padrão de Brasília)"}
{"level":"info","message":"Server iniciado em Mon Feb 27 2023 13:06:51 GMT-0300 (Horário Padrão de Brasília)"}
{"level":"info","message":"Server iniciado em Mon Feb 27 2023 13:06:54 GMT-0300 (Horário Padrão de Brasília)"}
{"level":"info","message":"Server iniciado em Mon Feb 27 2023 13:06:55 GMT-0300 (Horário Padrão de Brasília)"}
{"level":"info","message":"Server iniciado em Mon Feb 27 2023 16:17:52 GMT-0300 (Horário Padrão de Brasília)"}
{"level":"info","message":"Server iniciado em Mon Feb 27 2023 16:18:24 GMT-0300 (Horário Padrão de Brasília)"}
{"level":"info","message":"Server iniciado em Mon Feb 27 2023 17:13:59 GMT-0300 (Horário Padrão de Brasília)"}
{"level":"info","message":"Server iniciado em Mon Feb 27 2023 17:14:19 GMT-0300 (Horário Padrão de Brasília)"}
{"level":"info","message":"Server iniciado em Mon Feb 27 2023 17:14:59 GMT-0300 (Horário Padrão de Brasília)"}
{"level":"info","message":"Server iniciado em Mon Feb 27 2023 17:15:25 GMT-0300 (Horário Padrão de Brasília)"}
{"level":"info","message":"Server iniciado em Mon Feb 27 2023 17:15:38 GMT-0300 (Horário Padrão de Brasília)"}
{"level":"info","message":"Server iniciado em Mon Feb 27 2023 17:15:41 GMT-0300 (Horário Padrão de Brasília)"}
{"level":"info","message":"Server iniciado em Mon Feb 27 2023 17:15:57 GMT-0300 (Horário Padrão de Brasília)"}
{"level":"info","message":"Server iniciado em Mon Feb 27 2023 18:47:52 GMT-0300 (Horário Padrão de Brasília)"}
{"level":"info","message":"Server iniciado em Mon Feb 27 2023 18:48:24 GMT-0300 (Horário Padrão de Brasília)"}
{"level":"info","message":"Server iniciado em Mon Feb 27 2023 18:48:42 GMT-0300 (Horário Padrão de Brasília)"}
{"level":"info","message":"Server iniciado em Mon Feb 27 2023 18:49:15 GMT-0300 (Horário Padrão de Brasília)"}
{"level":"info","message":"Server iniciado em Mon Feb 27 2023 18:49:19 GMT-0300 (Horário Padrão de Brasília)"}
{"level":"info","message":"Server iniciado em Mon Feb 27 2023 18:49:29 GMT-0300 (Horário Padrão de Brasília)"}
{"level":"info","message":"Server iniciado em Mon Feb 27 2023 18:49:32 GMT-0300 (Horário Padrão de Brasília)"}
{"level":"info","message":"Server iniciado em Mon Feb 27 2023 18:49:38 GMT-0300 (Horário Padrão de Brasília)"}
{"level":"info","message":"Server iniciado em Mon Feb 27 2023 18:49:47 GMT-0300 (Horário Padrão de Brasília)"}
{"level":"info","message":"Server iniciado em Mon Feb 27 2023 18:49:57 GMT-0300 (Horário Padrão de Brasília)"}
{"level":"info","message":"Server iniciado em Mon Feb 27 2023 18:50:16 GMT-0300 (Horário Padrão de Brasília)"}
{"level":"info","message":"Server iniciado em Mon Feb 27 2023 18:50:20 GMT-0300 (Horário Padrão de Brasília)"}
{"level":"info","message":"Server iniciado em Mon Feb 27 2023 18:50:26 GMT-0300 (Horário Padrão de Brasília)"}
{"level":"info","message":"Server iniciado em Mon Feb 27 2023 18:50:39 GMT-0300 (Horário Padrão de Brasília)"}
{"level":"info","message":"Server iniciado em Mon Feb 27 2023 18:50:53 GMT-0300 (Horário Padrão de Brasília)"}
{"level":"info","message":"Server iniciado em Mon Feb 27 2023 18:50:56 GMT-0300 (Horário Padrão de Brasília)"}
{"level":"info","message":"Server iniciado em Mon Feb 27 2023 18:51:25 GMT-0300 (Horário Padrão de Brasília)"}
{"level":"info","message":"Server iniciado em Mon Feb 27 2023 18:51:35 GMT-0300 (Horário Padrão de Brasília)"}
{"level":"info","message":"Server iniciado em Mon Feb 27 2023 18:51:36 GMT-0300 (Horário Padrão de Brasília)"}
{"level":"info","message":"Server iniciado em Mon Feb 27 2023 18:51:38 GMT-0300 (Horário Padrão de Brasília)"}
{"level":"info","message":"Server iniciado em Mon Feb 27 2023 18:51:44 GMT-0300 (Horário Padrão de Brasília)"}
{"level":"info","message":"Server iniciado em Mon Feb 27 2023 18:51:54 GMT-0300 (Horário Padrão de Brasília)"}
{"level":"info","message":"Server iniciado em Mon Feb 27 2023 18:51:56 GMT-0300 (Horário Padrão de Brasília)"}
{"level":"info","message":"Server iniciado em Mon Feb 27 2023 18:52:22 GMT-0300 (Horário Padrão de Brasília)"}
{"level":"info","message":"Server iniciado em Mon Feb 27 2023 18:52:27 GMT-0300 (Horário Padrão de Brasília)"}
{"level":"info","message":"Server iniciado em Mon Feb 27 2023 20:17:58 GMT-0300 (Horário Padrão de Brasília)"}
{"level":"info","message":"Server iniciado em Mon Feb 27 2023 20:18:09 GMT-0300 (Horário Padrão de Brasília)"}
{"level":"info","message":"Server iniciado em Mon Feb 27 2023 20:18:42 GMT-0300 (Horário Padrão de Brasília)"}
{"level":"info","message":"Server iniciado em Mon Feb 27 2023 20:19:11 GMT-0300 (Horário Padrão de Brasília)"}
{"level":"info","message":"Server iniciado em Mon Feb 27 2023 20:19:28 GMT-0300 (Horário Padrão de Brasília)"}
{"level":"info","message":"Server iniciado em Mon Feb 27 2023 20:19:32 GMT-0300 (Horário Padrão de Brasília)"}
{"level":"info","message":"Server iniciado em Mon Feb 27 2023 20:19:33 GMT-0300 (Horário Padrão de Brasília)"}
{"level":"info","message":"Server iniciado em Mon Feb 27 2023 20:21:42 GMT-0300 (Horário Padrão de Brasília)"}
{"level":"info","message":"Server iniciado em Mon Feb 27 2023 20:21:43 GMT-0300 (Horário Padrão de Brasília)"}
{"level":"info","message":"Server iniciado em Mon Feb 27 2023 20:24:23 GMT-0300 (Horário Padrão de Brasília)"}
{"level":"info","message":"Server iniciado em Mon Feb 27 2023 20:24:23 GMT-0300 (Horário Padrão de Brasília)"}
{"level":"error","message":"Data truncated for column 'type' at row 1","name":"SequelizeDatabaseError","original":{"code":"ER_WARN_DATA_TRUNCATED","errno":1265,"parameters":["79e76301-6071-418c-b724-da9d9b775a37","lazer","red","ss","2023-02-27 20:24:33","2023-02-27 20:24:33"],"sql":"INSERT INTO `categories` (`id`,`name`,`color`,`type`,`created_at`,`updated_at`) VALUES (?,?,?,?,?,?);","sqlMessage":"Data truncated for column 'type' at row 1","sqlState":"01000"},"parameters":["79e76301-6071-418c-b724-da9d9b775a37","lazer","red","ss","2023-02-27 20:24:33","2023-02-27 20:24:33"],"parent":{"code":"ER_WARN_DATA_TRUNCATED","errno":1265,"parameters":["79e76301-6071-418c-b724-da9d9b775a37","lazer","red","ss","2023-02-27 20:24:33","2023-02-27 20:24:33"],"sql":"INSERT INTO `categories` (`id`,`name`,`color`,`type`,`created_at`,`updated_at`) VALUES (?,?,?,?,?,?);","sqlMessage":"Data truncated for column 'type' at row 1","sqlState":"01000"},"sql":"INSERT INTO `categories` (`id`,`name`,`color`,`type`,`created_at`,`updated_at`) VALUES (?,?,?,?,?,?);","stack":"Error: \n    at Query.run (/home/hildoneto/Documentos/programacao/Projects/financias/node_modules/sequelize/src/dialects/mysql/query.js:46:25)\n    at /home/hildoneto/Documentos/programacao/Projects/financias/node_modules/sequelize/src/sequelize.js:649:28\n    at processTicksAndRejections (node:internal/process/task_queues:95:5)\n    at MySQLQueryInterface.insert (/home/hildoneto/Documentos/programacao/Projects/financias/node_modules/sequelize/src/dialects/abstract/query-interface.js:795:21)\n    at Category.save (/home/hildoneto/Documentos/programacao/Projects/financias/node_modules/sequelize/src/model.js:4073:35)\n    at Function.create (/home/hildoneto/Documentos/programacao/Projects/financias/node_modules/sequelize/src/model.js:2280:12)\n    at Function.create (/home/hildoneto/Documentos/programacao/Projects/financias/src/app/repositories/categoryRepo.ts:12:3)\n    at store (/home/hildoneto/Documentos/programacao/Projects/financias/src/app/controller/CategoryController.ts:18:4)"}
{"level":"info","message":"Server iniciado em Mon Feb 27 2023 20:26:40 GMT-0300 (Horário Padrão de Brasília)"}
{"level":"info","message":"Server iniciado em Mon Feb 27 2023 20:26:46 GMT-0300 (Horário Padrão de Brasília)"}
{"level":"info","message":"Server iniciado em Mon Feb 27 2023 20:27:30 GMT-0300 (Horário Padrão de Brasília)"}
{"level":"info","message":"Server iniciado em Mon Feb 27 2023 20:27:31 GMT-0300 (Horário Padrão de Brasília)"}
{"level":"info","message":"Server iniciado em Mon Feb 27 2023 20:29:13 GMT-0300 (Horário Padrão de Brasília)"}
{"level":"info","message":"Server iniciado em Mon Feb 27 2023 20:30:38 GMT-0300 (Horário Padrão de Brasília)"}
{"level":"info","message":"Server iniciado em Mon Feb 27 2023 21:19:00 GMT-0300 (Horário Padrão de Brasília)"}
{"level":"info","message":"Server iniciado em Mon Feb 27 2023 21:19:02 GMT-0300 (Horário Padrão de Brasília)"}
{"level":"info","message":"Server iniciado em Mon Feb 27 2023 21:19:22 GMT-0300 (Horário Padrão de Brasília)"}
{"level":"info","message":"Server iniciado em Mon Feb 27 2023 21:19:35 GMT-0300 (Horário Padrão de Brasília)"}
{"level":"info","message":"Server iniciado em Mon Feb 27 2023 21:19:55 GMT-0300 (Horário Padrão de Brasília)"}
{"level":"info","message":"Server iniciado em Mon Feb 27 2023 21:20:02 GMT-0300 (Horário Padrão de Brasília)"}
{"level":"info","message":"Server iniciado em Mon Feb 27 2023 21:20:13 GMT-0300 (Horário Padrão de Brasília)"}
{"level":"info","message":"Server iniciado em Mon Feb 27 2023 21:20:46 GMT-0300 (Horário Padrão de Brasília)"}
{"level":"info","message":"Server iniciado em Mon Feb 27 2023 21:20:57 GMT-0300 (Horário Padrão de Brasília)"}
{"level":"info","message":"Server iniciado em Mon Feb 27 2023 21:21:10 GMT-0300 (Horário Padrão de Brasília)"}
{"level":"info","message":"Server iniciado em Mon Feb 27 2023 21:21:37 GMT-0300 (Horário Padrão de Brasília)"}
{"level":"info","message":"Server iniciado em Mon Feb 27 2023 21:21:42 GMT-0300 (Horário Padrão de Brasília)"}
{"level":"info","message":"Server iniciado em Mon Feb 27 2023 21:21:42 GMT-0300 (Horário Padrão de Brasília)"}
{"level":"info","message":"Server iniciado em Mon Feb 27 2023 21:22:26 GMT-0300 (Horário Padrão de Brasília)"}
{"level":"info","message":"Server iniciado em Mon Feb 27 2023 21:22:43 GMT-0300 (Horário Padrão de Brasília)"}
{"level":"info","message":"Server iniciado em Mon Feb 27 2023 21:22:56 GMT-0300 (Horário Padrão de Brasília)"}
{"level":"info","message":"Server iniciado em Mon Feb 27 2023 21:22:58 GMT-0300 (Horário Padrão de Brasília)"}
{"level":"info","message":"Server iniciado em Mon Feb 27 2023 21:24:16 GMT-0300 (Horário Padrão de Brasília)"}
{"level":"info","message":"Server iniciado em Mon Feb 27 2023 21:27:44 GMT-0300 (Horário Padrão de Brasília)"}
{"level":"info","message":"Server iniciado em Mon Feb 27 2023 21:27:59 GMT-0300 (Horário Padrão de Brasília)"}
{"level":"info","message":"Server iniciado em Mon Feb 27 2023 21:28:00 GMT-0300 (Horário Padrão de Brasília)"}
{"level":"info","message":"Server iniciado em Mon Feb 27 2023 21:28:08 GMT-0300 (Horário Padrão de Brasília)"}
{"level":"info","message":"Server iniciado em Mon Feb 27 2023 21:28:11 GMT-0300 (Horário Padrão de Brasília)"}
{"level":"info","message":"Server iniciado em Mon Feb 27 2023 21:28:40 GMT-0300 (Horário Padrão de Brasília)"}
{"level":"info","message":"Server iniciado em Mon Feb 27 2023 21:29:05 GMT-0300 (Horário Padrão de Brasília)"}
{"level":"info","message":"Server iniciado em Mon Feb 27 2023 21:29:32 GMT-0300 (Horário Padrão de Brasília)"}
{"level":"info","message":"Server iniciado em Mon Feb 27 2023 21:29:35 GMT-0300 (Horário Padrão de Brasília)"}
{"level":"info","message":"Server iniciado em Mon Feb 27 2023 21:29:41 GMT-0300 (Horário Padrão de Brasília)"}
{"level":"info","message":"Server iniciado em Mon Feb 27 2023 21:29:55 GMT-0300 (Horário Padrão de Brasília)"}
{"level":"info","message":"Server iniciado em Mon Feb 27 2023 21:30:06 GMT-0300 (Horário Padrão de Brasília)"}
{"level":"info","message":"Server iniciado em Mon Feb 27 2023 21:30:10 GMT-0300 (Horário Padrão de Brasília)"}
{"level":"info","message":"Server iniciado em Mon Feb 27 2023 21:30:13 GMT-0300 (Horário Padrão de Brasília)"}
{"level":"info","message":"Server iniciado em Mon Feb 27 2023 21:30:14 GMT-0300 (Horário Padrão de Brasília)"}
{"level":"info","message":"Server iniciado em Mon Feb 27 2023 21:30:17 GMT-0300 (Horário Padrão de Brasília)"}
{"level":"info","message":"Server iniciado em Mon Feb 27 2023 21:30:18 GMT-0300 (Horário Padrão de Brasília)"}
{"level":"info","message":"Server iniciado em Mon Feb 27 2023 21:30:31 GMT-0300 (Horário Padrão de Brasília)"}
{"level":"info","message":"Server iniciado em Mon Feb 27 2023 21:30:32 GMT-0300 (Horário Padrão de Brasília)"}
{"level":"info","message":"Server iniciado em Mon Feb 27 2023 21:30:40 GMT-0300 (Horário Padrão de Brasília)"}
{"level":"info","message":"Server iniciado em Mon Feb 27 2023 21:31:02 GMT-0300 (Horário Padrão de Brasília)"}
{"level":"info","message":"Server iniciado em Mon Feb 27 2023 21:31:13 GMT-0300 (Horário Padrão de Brasília)"}
{"level":"info","message":"Server iniciado em Mon Feb 27 2023 21:31:20 GMT-0300 (Horário Padrão de Brasília)"}
{"level":"info","message":"Server iniciado em Mon Feb 27 2023 21:31:30 GMT-0300 (Horário Padrão de Brasília)"}
{"level":"info","message":"Server iniciado em Mon Feb 27 2023 21:31:53 GMT-0300 (Horário Padrão de Brasília)"}
{"level":"info","message":"Server iniciado em Mon Feb 27 2023 21:31:57 GMT-0300 (Horário Padrão de Brasília)"}
{"level":"info","message":"Server iniciado em Mon Feb 27 2023 21:32:08 GMT-0300 (Horário Padrão de Brasília)"}
{"level":"info","message":"Server iniciado em Mon Feb 27 2023 21:32:13 GMT-0300 (Horário Padrão de Brasília)"}
{"level":"info","message":"Server iniciado em Mon Feb 27 2023 21:32:14 GMT-0300 (Horário Padrão de Brasília)"}
{"level":"info","message":"Server iniciado em Mon Feb 27 2023 21:32:24 GMT-0300 (Horário Padrão de Brasília)"}
{"level":"info","message":"Server iniciado em Mon Feb 27 2023 21:32:34 GMT-0300 (Horário Padrão de Brasília)"}
{"level":"info","message":"Server iniciado em Mon Feb 27 2023 21:32:47 GMT-0300 (Horário Padrão de Brasília)"}
{"level":"info","message":"Server iniciado em Mon Feb 27 2023 21:32:53 GMT-0300 (Horário Padrão de Brasília)"}
{"level":"info","message":"Server iniciado em Mon Feb 27 2023 21:33:29 GMT-0300 (Horário Padrão de Brasília)"}
{"level":"info","message":"Server iniciado em Mon Feb 27 2023 21:33:51 GMT-0300 (Horário Padrão de Brasília)"}
{"level":"info","message":"Server iniciado em Mon Feb 27 2023 21:33:55 GMT-0300 (Horário Padrão de Brasília)"}
{"level":"info","message":"Server iniciado em Mon Feb 27 2023 21:33:57 GMT-0300 (Horário Padrão de Brasília)"}
{"level":"info","message":"Server iniciado em Mon Feb 27 2023 21:34:04 GMT-0300 (Horário Padrão de Brasília)"}
{"level":"info","message":"Server iniciado em Mon Feb 27 2023 21:34:57 GMT-0300 (Horário Padrão de Brasília)"}
{"level":"info","message":"Server iniciado em Mon Feb 27 2023 21:35:00 GMT-0300 (Horário Padrão de Brasília)"}
{"level":"info","message":"Server iniciado em Mon Feb 27 2023 21:35:09 GMT-0300 (Horário Padrão de Brasília)"}
{"level":"info","message":"Server iniciado em Mon Feb 27 2023 21:35:17 GMT-0300 (Horário Padrão de Brasília)"}
{"level":"info","message":"Server iniciado em Mon Feb 27 2023 21:35:20 GMT-0300 (Horário Padrão de Brasília)"}
{"level":"info","message":"Server iniciado em Mon Feb 27 2023 21:35:21 GMT-0300 (Horário Padrão de Brasília)"}
{"level":"info","message":"Server iniciado em Mon Feb 27 2023 21:35:43 GMT-0300 (Horário Padrão de Brasília)"}
{"level":"info","message":"Server iniciado em Mon Feb 27 2023 21:35:44 GMT-0300 (Horário Padrão de Brasília)"}
{"level":"info","message":"Server iniciado em Mon Feb 27 2023 21:36:15 GMT-0300 (Horário Padrão de Brasília)"}
{"level":"info","message":"Server iniciado em Mon Feb 27 2023 21:36:48 GMT-0300 (Horário Padrão de Brasília)"}
{"level":"info","message":"Server iniciado em Mon Feb 27 2023 21:36:50 GMT-0300 (Horário Padrão de Brasília)"}
{"level":"info","message":"Server iniciado em Mon Feb 27 2023 21:36:55 GMT-0300 (Horário Padrão de Brasília)"}
{"level":"info","message":"Server iniciado em Mon Feb 27 2023 21:37:30 GMT-0300 (Horário Padrão de Brasília)"}
{"level":"info","message":"Server iniciado em Mon Feb 27 2023 21:37:33 GMT-0300 (Horário Padrão de Brasília)"}
{"level":"info","message":"Server iniciado em Mon Feb 27 2023 21:37:49 GMT-0300 (Horário Padrão de Brasília)"}
{"level":"info","message":"Server iniciado em Mon Feb 27 2023 21:38:07 GMT-0300 (Horário Padrão de Brasília)"}
{"level":"info","message":"Server iniciado em Mon Feb 27 2023 21:38:16 GMT-0300 (Horário Padrão de Brasília)"}
{"level":"info","message":"Server iniciado em Mon Feb 27 2023 21:38:18 GMT-0300 (Horário Padrão de Brasília)"}
{"level":"info","message":"Server iniciado em Mon Feb 27 2023 21:38:27 GMT-0300 (Horário Padrão de Brasília)"}
{"level":"info","message":"Server iniciado em Mon Feb 27 2023 21:38:37 GMT-0300 (Horário Padrão de Brasília)"}
{"level":"info","message":"Server iniciado em Mon Feb 27 2023 21:38:44 GMT-0300 (Horário Padrão de Brasília)"}
{"level":"info","message":"Server iniciado em Mon Feb 27 2023 22:51:06 GMT-0300 (Horário Padrão de Brasília)"}
{"level":"info","message":"Server iniciado em Mon Feb 27 2023 22:51:14 GMT-0300 (Horário Padrão de Brasília)"}
